2021-01-12 오후 3:11:24 C:\Users\SARADA\Desktop\DM실험폴더백업\1\2021\01\05\14를 삭제하였습니다.
2021-01-12 오후 3:11:28 C:\Users\SARADA\Desktop\DM실험폴더백업\2\2021\01\05\14를 삭제하였습니다.
2021-01-12 오후 3:11:29 C:\Users\SARADA\Desktop\DM실험폴더백업\3\2021\01\05\14를 삭제하였습니다.
2021-01-12 오후 3:11:30 C:\Users\SARADA\Desktop\DM실험폴더백업\4\2021\01\05\14를 삭제하였습니다.
2021-01-12 오후 3:11:42 C:\Users\SARADA\Desktop\DM실험폴더백업\1\2021\01\05\15를 삭제하였습니다.
2021-01-12 오후 3:11:43 C:\Users\SARADA\Desktop\DM실험폴더백업\2\2021\01\05\15를 삭제하였습니다.
2021-01-12 오후 3:11:44 C:\Users\SARADA\Desktop\DM실험폴더백업\3\2021\01\05\15를 삭제하였습니다.
2021-01-12 오후 3:11:45 C:\Users\SARADA\Desktop\DM실험폴더백업\4\2021\01\05\15를 삭제하였습니다.
2021-01-12 오후 3:11:57 C:\Users\SARADA\Desktop\DM실험폴더백업\1\2021\01\05\16를 삭제하였습니다.
2021-01-12 오후 3:11:58 C:\Users\SARADA\Desktop\DM실험폴더백업\2\2021\01\05\16를 삭제하였습니다.
2021-01-12 오후 3:11:59 C:\Users\SARADA\Desktop\DM실험폴더백업\3\2021\01\05\16를 삭제하였습니다.
2021-01-12 오후 3:12:00 C:\Users\SARADA\Desktop\DM실험폴더백업\4\2021\01\05\16를 삭제하였습니다.
2021-01-12 오후 3:12:12 C:\Users\SARADA\Desktop\DM실험폴더백업\1\2021\01\05\17를 삭제하였습니다.
2021-01-12 오후 3:12:13 C:\Users\SARADA\Desktop\DM실험폴더백업\2\2021\01\05\17를 삭제하였습니다.
2021-01-12 오후 3:24:46 C:\Users\SARADA\Desktop\DM실험폴더백업\1\2021\01\05\18를 삭제하였습니다.
2021-01-12 오후 3:24:47 C:\Users\SARADA\Desktop\DM실험폴더백업\2\2021\01\05\18를 삭제하였습니다.
2021-01-12 오후 3:24:48 C:\Users\SARADA\Desktop\DM실험폴더백업\3\2021\01\05\18를 삭제하였습니다.
2021-01-12 오후 3:24:49 C:\Users\SARADA\Desktop\DM실험폴더백업\4\2021\01\05\18를 삭제하였습니다.
2021-01-12 오후 3:25:01 C:\Users\SARADA\Desktop\DM실험폴더백업\1\2021\01\05\19를 삭제하였습니다.
2021-01-12 오후 3:25:02 C:\Users\SARADA\Desktop\DM실험폴더백업\2\2021\01\05\19를 삭제하였습니다.
2021-01-12 오후 3:25:03 C:\Users\SARADA\Desktop\DM실험폴더백업\3\2021\01\05\19를 삭제하였습니다.
2021-01-12 오후 3:25:03 C:\Users\SARADA\Desktop\DM실험폴더백업\4\2021\01\05\19를 삭제하였습니다.
2021-01-12 오후 3:25:16 C:\Users\SARADA\Desktop\DM실험폴더백업\1\2021\01\05\20를 삭제하였습니다.
2021-01-12 오후 3:25:17 C:\Users\SARADA\Desktop\DM실험폴더백업\2\2021\01\05\20를 삭제하였습니다.
2021-01-12 오후 3:25:17 C:\Users\SARADA\Desktop\DM실험폴더백업\3\2021\01\05\20를 삭제하였습니다.
2021-01-12 오후 3:25:18 C:\Users\SARADA\Desktop\DM실험폴더백업\4\2021\01\05\20를 삭제하였습니다.
2021-01-12 오후 3:25:31 C:\Users\SARADA\Desktop\DM실험폴더백업\1\2021\01\05를 삭제하였습니다.
2021-01-12 오후 3:25:42 C:\Users\SARADA\Desktop\DM실험폴더백업\1\2021\01를 삭제하였습니다.
2021-01-12 오후 3:25:54 C:\Users\SARADA\Desktop\DM실험폴더백업\1\2021를 삭제하였습니다.
2021-01-12 오후 3:26:07 C:\Users\SARADA\Desktop\DM실험폴더백업\1를 삭제하였습니다.
2021-01-12 오후 3:26:19 C:\Users\SARADA\Desktop\DM실험폴더백업\2\2021\01를 삭제하였습니다.
2021-01-12 오후 3:26:31 C:\Users\SARADA\Desktop\DM실험폴더백업\2\2021를 삭제하였습니다.
2021-01-12 오후 3:26:43 C:\Users\SARADA\Desktop\DM실험폴더백업\2를 삭제하였습니다.
2021-01-12 오후 3:26:55 C:\Users\SARADA\Desktop\DM실험폴더백업\3\2021\01\05\17를 삭제하였습니다.
2021-01-12 오후 3:26:56 C:\Users\SARADA\Desktop\DM실험폴더백업\4\2021\01\05\17를 삭제하였습니다.
2021-01-12 오후 3:27:08 C:\Users\SARADA\Desktop\DM실험폴더백업\3\2021\01\05를 삭제하였습니다.
2021-01-12 오후 3:27:20 C:\Users\SARADA\Desktop\DM실험폴더백업\3\2021를 삭제하였습니다.
2021-01-12 오후 3:27:32 C:\Users\SARADA\Desktop\DM실험폴더백업\3를 삭제하였습니다.
2021-01-12 오후 3:27:44 C:\Users\SARADA\Desktop\DM실험폴더백업\4\2021\01를 삭제하였습니다.
2021-01-12 오후 3:27:56 C:\Users\SARADA\Desktop\DM실험폴더백업\4\2021를 삭제하였습니다.
2021-01-12 오후 3:28:08 C:\Users\SARADA\Desktop\DM실험폴더백업\4를 삭제하였습니다.
2021-01-12 오후 3:52:18 C:\Users\SARADA\Desktop\DM실험폴더백업\1\2021\01\05\01를 삭제하였습니다.
2021-01-12 오후 3:52:22 C:\Users\SARADA\Desktop\DM실험폴더백업\2\2021\01\05\01를 삭제하였습니다.
2021-01-12 오후 3:52:23 C:\Users\SARADA\Desktop\DM실험폴더백업\3\2021\01\05\01를 삭제하였습니다.
2021-01-12 오후 3:52:23 C:\Users\SARADA\Desktop\DM실험폴더백업\4\2021\01\05\01를 삭제하였습니다.
2021-01-12 오후 3:52:35 C:\Users\SARADA\Desktop\DM실험폴더백업\1\2021\01\05\02를 삭제하였습니다.
2021-01-12 오후 3:52:35 C:\Users\SARADA\Desktop\DM실험폴더백업\2\2021\01\05\02를 삭제하였습니다.
2021-01-12 오후 3:52:36 C:\Users\SARADA\Desktop\DM실험폴더백업\3\2021\01\05\02를 삭제하였습니다.
2021-01-12 오후 3:52:36 C:\Users\SARADA\Desktop\DM실험폴더백업\4\2021\01\05\02를 삭제하였습니다.
2021-01-12 오후 3:52:48 C:\Users\SARADA\Desktop\DM실험폴더백업\1\2021\01\05\03를 삭제하였습니다.
2021-01-12 오후 3:52:49 C:\Users\SARADA\Desktop\DM실험폴더백업\2\2021\01\05\03를 삭제하였습니다.
2021-01-12 오후 3:52:49 C:\Users\SARADA\Desktop\DM실험폴더백업\3\2021\01\05\03를 삭제하였습니다.
2021-01-12 오후 3:52:49 C:\Users\SARADA\Desktop\DM실험폴더백업\4\2021\01\05\03를 삭제하였습니다.
