2021-01-15 오후 7:10:37 C:\Users\SARADA\Desktop\DM실험폴더백업\1\2021\01\14\09를 삭제하였습니다.
2021-01-15 오후 7:10:39 C:\Users\SARADA\Desktop\DM실험폴더백업\2\2021\01\14\09를 삭제하였습니다.
2021-01-15 오후 7:10:40 C:\Users\SARADA\Desktop\DM실험폴더백업\3\2021\01\14\09를 삭제하였습니다.
2021-01-15 오후 7:10:40 C:\Users\SARADA\Desktop\DM실험폴더백업\4\2021\01\14\09를 삭제하였습니다.
2021-01-15 오후 7:11:15 C:\Users\SARADA\Desktop\DM실험폴더백업\1\2021\01\14\11를 삭제하였습니다.
2021-01-15 오후 7:11:16 C:\Users\SARADA\Desktop\DM실험폴더백업\2\2021\01\14\11를 삭제하였습니다.
2021-01-15 오후 7:11:17 C:\Users\SARADA\Desktop\DM실험폴더백업\3\2021\01\14\11를 삭제하였습니다.
2021-01-15 오후 7:11:17 C:\Users\SARADA\Desktop\DM실험폴더백업\4\2021\01\14\11를 삭제하였습니다.
2021-01-15 오후 7:11:29 C:\Users\SARADA\Desktop\DM실험폴더백업\1\2021\01\14\14를 삭제하였습니다.
2021-01-15 오후 7:11:30 C:\Users\SARADA\Desktop\DM실험폴더백업\2\2021\01\14\14를 삭제하였습니다.
2021-01-15 오후 7:11:30 C:\Users\SARADA\Desktop\DM실험폴더백업\3\2021\01\14\14를 삭제하였습니다.
2021-01-15 오후 7:11:30 C:\Users\SARADA\Desktop\DM실험폴더백업\4\2021\01\14\14를 삭제하였습니다.
2021-01-15 오후 7:11:42 C:\Users\SARADA\Desktop\DM실험폴더백업\1\2021\01\14를 삭제하였습니다.
2021-01-15 오후 7:11:54 C:\Users\SARADA\Desktop\DM실험폴더백업\1\2021\01\15\18를 삭제하였습니다.
2021-01-15 오후 7:11:54 C:\Users\SARADA\Desktop\DM실험폴더백업\2\2021\01\15\18를 삭제하였습니다.
2021-01-15 오후 7:11:54 C:\Users\SARADA\Desktop\DM실험폴더백업\3\2021\01\15\18를 삭제하였습니다.
2021-01-15 오후 7:11:55 C:\Users\SARADA\Desktop\DM실험폴더백업\4\2021\01\15\18를 삭제하였습니다.
2021-01-15 오후 7:12:06 C:\Users\SARADA\Desktop\DM실험폴더백업\1\2021\01\15를 삭제하였습니다.
2021-01-15 오후 7:12:18 C:\Users\SARADA\Desktop\DM실험폴더백업\1\2021\01를 삭제하였습니다.
2021-01-15 오후 7:12:29 C:\Users\SARADA\Desktop\DM실험폴더백업\1\2021를 삭제하였습니다.
2021-01-15 오후 7:12:41 C:\Users\SARADA\Desktop\DM실험폴더백업\1를 삭제하였습니다.
2021-01-15 오후 7:14:50 C:\Users\SARADA\Desktop\DM실험폴더백업\2\2021\01\15를 삭제하였습니다.
2021-01-15 오후 7:15:02 C:\Users\SARADA\Desktop\DM실험폴더백업\2\2021\01를 삭제하였습니다.
